<?xml version="1.0" encoding="UTF-8"?>
<!-- Generated by org.testng.reporters.JUnitReportReporter -->
<testsuite hostname="user" failures="0" tests="1" name="com.iggroup.base.BankManagerLoginTest" time="3.128" errors="0" timestamp="10 Jul 2020 13:04:25 GMT" skipped="0">
  <testcase classname="com.iggroup.base.BankManagerLoginTest" name="loginAsBankManager" time="3.128"/>
</testsuite> <!-- com.iggroup.base.BankManagerLoginTest -->
