<?xml version="1.0" encoding="UTF-8"?>
<!-- Generated by org.testng.reporters.JUnitReportReporter -->
<testsuite hostname="user" failures="0" tests="1" name="com.iggroup.base.LoginClass" time="3.146" errors="0" timestamp="10 Jul 2020 12:03:41 GMT" skipped="0">
  <testcase classname="com.iggroup.base.LoginClass" name="loginAsBankManager" time="3.146"/>
</testsuite> <!-- com.iggroup.base.LoginClass -->
