<?xml version="1.0" encoding="UTF-8"?>
<!-- Generated by org.testng.reporters.JUnitReportReporter -->
<testsuite hostname="user" failures="0" tests="1" name="com.iggroup.testcases.BankManagerLoginTest" time="3.144" errors="0" timestamp="2020-07-10T21:54:32 IST" skipped="0">
  <testcase classname="com.iggroup.testcases.BankManagerLoginTest" name="loginAsBankManager" time="3.144"/>
</testsuite> <!-- com.iggroup.testcases.BankManagerLoginTest -->
